<?xml version="1.0" encoding="UTF-8"?>
<testng-results skipped="0" failed="1" ignored="0" total="9" passed="8">
  <reporter-output>
  </reporter-output>
  <suite name="Default suite" duration-ms="218974" started-at="2018-12-26T08:12:55Z" finished-at="2018-12-26T08:16:34Z">
    <groups>
    </groups>
    <test name="Default test" duration-ms="218974" started-at="2018-12-26T08:12:55Z" finished-at="2018-12-26T08:16:34Z">
      <class name="com.test.testcases.LoginPageTest">
        <test-method status="PASS" signature="setup()[pri:0, instance:com.test.testcases.LoginPageTest@589838eb]" name="setup" is-config="true" duration-ms="7711" started-at="2018-12-26T08:12:55Z" finished-at="2018-12-26T08:13:03Z">
          <reporter-output>
          </reporter-output>
        </test-method> <!-- setup -->
        <test-method status="PASS" signature="loginTitleTest()[pri:1, instance:com.test.testcases.LoginPageTest@589838eb]" name="loginTitleTest" duration-ms="84" started-at="2018-12-26T08:13:03Z" finished-at="2018-12-26T08:13:03Z">
          <reporter-output>
          </reporter-output>
        </test-method> <!-- loginTitleTest -->
        <test-method status="PASS" signature="tearDown()[pri:0, instance:com.test.testcases.LoginPageTest@589838eb]" name="tearDown" is-config="true" duration-ms="15665" started-at="2018-12-26T08:13:03Z" finished-at="2018-12-26T08:13:19Z">
          <reporter-output>
          </reporter-output>
        </test-method> <!-- tearDown -->
        <test-method status="PASS" signature="setup()[pri:0, instance:com.test.testcases.LoginPageTest@589838eb]" name="setup" is-config="true" duration-ms="5362" started-at="2018-12-26T08:13:20Z" finished-at="2018-12-26T08:13:25Z">
          <reporter-output>
          </reporter-output>
        </test-method> <!-- setup -->
        <test-method status="PASS" signature="LoginPageDataTest(java.lang.String, java.lang.String)[pri:2, instance:com.test.testcases.LoginPageTest@589838eb]" name="LoginPageDataTest" duration-ms="1617" started-at="2018-12-26T08:13:25Z" data-provider="loginData" finished-at="2018-12-26T08:13:27Z">
          <params>
            <param index="0">
              <value>
                <![CDATA[                 ]]>
              </value>
            </param>
            <param index="1">
              <value>
                <![CDATA[              ]]>
              </value>
            </param>
          </params>
          <reporter-output>
          </reporter-output>
        </test-method> <!-- LoginPageDataTest -->
        <test-method status="PASS" signature="tearDown()[pri:0, instance:com.test.testcases.LoginPageTest@589838eb]" name="tearDown" is-config="true" duration-ms="15649" started-at="2018-12-26T08:13:27Z" finished-at="2018-12-26T08:13:43Z">
          <reporter-output>
          </reporter-output>
        </test-method> <!-- tearDown -->
        <test-method status="PASS" signature="setup()[pri:0, instance:com.test.testcases.LoginPageTest@589838eb]" name="setup" is-config="true" duration-ms="11913" started-at="2018-12-26T08:13:43Z" finished-at="2018-12-26T08:13:55Z">
          <reporter-output>
          </reporter-output>
        </test-method> <!-- setup -->
        <test-method status="PASS" signature="LoginPageDataTest(java.lang.String, java.lang.String)[pri:2, instance:com.test.testcases.LoginPageTest@589838eb]" name="LoginPageDataTest" duration-ms="1493" started-at="2018-12-26T08:13:55Z" data-provider="loginData" finished-at="2018-12-26T08:13:56Z">
          <params>
            <param index="0">
              <value>
                <![CDATA[vbnxf ]]>
              </value>
            </param>
            <param index="1">
              <value>
                <![CDATA[vddvdvd]]>
              </value>
            </param>
          </params>
          <reporter-output>
          </reporter-output>
        </test-method> <!-- LoginPageDataTest -->
        <test-method status="PASS" signature="tearDown()[pri:0, instance:com.test.testcases.LoginPageTest@589838eb]" name="tearDown" is-config="true" duration-ms="15689" started-at="2018-12-26T08:13:56Z" finished-at="2018-12-26T08:14:12Z">
          <reporter-output>
          </reporter-output>
        </test-method> <!-- tearDown -->
        <test-method status="PASS" signature="setup()[pri:0, instance:com.test.testcases.LoginPageTest@589838eb]" name="setup" is-config="true" duration-ms="8839" started-at="2018-12-26T08:14:12Z" finished-at="2018-12-26T08:14:21Z">
          <reporter-output>
          </reporter-output>
        </test-method> <!-- setup -->
        <test-method status="PASS" signature="LoginPageDataTest(java.lang.String, java.lang.String)[pri:2, instance:com.test.testcases.LoginPageTest@589838eb]" name="LoginPageDataTest" duration-ms="1744" started-at="2018-12-26T08:14:21Z" data-provider="loginData" finished-at="2018-12-26T08:14:22Z">
          <params>
            <param index="0">
              <value>
                <![CDATA[adminn]]>
              </value>
            </param>
            <param index="1">
              <value>
                <![CDATA[dsvdv]]>
              </value>
            </param>
          </params>
          <reporter-output>
          </reporter-output>
        </test-method> <!-- LoginPageDataTest -->
        <test-method status="PASS" signature="tearDown()[pri:0, instance:com.test.testcases.LoginPageTest@589838eb]" name="tearDown" is-config="true" duration-ms="15658" started-at="2018-12-26T08:14:22Z" finished-at="2018-12-26T08:14:38Z">
          <reporter-output>
          </reporter-output>
        </test-method> <!-- tearDown -->
        <test-method status="PASS" signature="setup()[pri:0, instance:com.test.testcases.LoginPageTest@589838eb]" name="setup" is-config="true" duration-ms="10468" started-at="2018-12-26T08:14:38Z" finished-at="2018-12-26T08:14:49Z">
          <reporter-output>
          </reporter-output>
        </test-method> <!-- setup -->
        <test-method status="PASS" signature="LoginPageDataTest(java.lang.String, java.lang.String)[pri:2, instance:com.test.testcases.LoginPageTest@589838eb]" name="LoginPageDataTest" duration-ms="1094" started-at="2018-12-26T08:14:49Z" data-provider="loginData" finished-at="2018-12-26T08:14:50Z">
          <params>
            <param index="0">
              <value>
                <![CDATA[dvzdvdv]]>
              </value>
            </param>
            <param index="1">
              <value>
                <![CDATA[password]]>
              </value>
            </param>
          </params>
          <reporter-output>
          </reporter-output>
        </test-method> <!-- LoginPageDataTest -->
        <test-method status="PASS" signature="tearDown()[pri:0, instance:com.test.testcases.LoginPageTest@589838eb]" name="tearDown" is-config="true" duration-ms="15687" started-at="2018-12-26T08:14:50Z" finished-at="2018-12-26T08:15:05Z">
          <reporter-output>
          </reporter-output>
        </test-method> <!-- tearDown -->
        <test-method status="PASS" signature="setup()[pri:0, instance:com.test.testcases.LoginPageTest@589838eb]" name="setup" is-config="true" duration-ms="5805" started-at="2018-12-26T08:15:05Z" finished-at="2018-12-26T08:15:11Z">
          <reporter-output>
          </reporter-output>
        </test-method> <!-- setup -->
        <test-method status="PASS" signature="LoginPageDataTest(java.lang.String, java.lang.String)[pri:2, instance:com.test.testcases.LoginPageTest@589838eb]" name="LoginPageDataTest" duration-ms="2767" started-at="2018-12-26T08:15:11Z" data-provider="loginData" finished-at="2018-12-26T08:15:14Z">
          <params>
            <param index="0">
              <value>
                <![CDATA[admin]]>
              </value>
            </param>
            <param index="1">
              <value>
                <![CDATA[pass]]>
              </value>
            </param>
          </params>
          <reporter-output>
          </reporter-output>
        </test-method> <!-- LoginPageDataTest -->
        <test-method status="PASS" signature="tearDown()[pri:0, instance:com.test.testcases.LoginPageTest@589838eb]" name="tearDown" is-config="true" duration-ms="15713" started-at="2018-12-26T08:15:14Z" finished-at="2018-12-26T08:15:30Z">
          <reporter-output>
          </reporter-output>
        </test-method> <!-- tearDown -->
        <test-method status="PASS" signature="setup()[pri:0, instance:com.test.testcases.LoginPageTest@589838eb]" name="setup" is-config="true" duration-ms="5080" started-at="2018-12-26T08:15:30Z" finished-at="2018-12-26T08:15:35Z">
          <reporter-output>
          </reporter-output>
        </test-method> <!-- setup -->
        <test-method status="PASS" signature="frontAccountinglogotest()[pri:2, instance:com.test.testcases.LoginPageTest@589838eb]" name="frontAccountinglogotest" duration-ms="150" started-at="2018-12-26T08:15:35Z" finished-at="2018-12-26T08:15:35Z">
          <reporter-output>
          </reporter-output>
        </test-method> <!-- frontAccountinglogotest -->
        <test-method status="PASS" signature="tearDown()[pri:0, instance:com.test.testcases.LoginPageTest@589838eb]" name="tearDown" is-config="true" duration-ms="15618" started-at="2018-12-26T08:15:35Z" finished-at="2018-12-26T08:15:51Z">
          <reporter-output>
          </reporter-output>
        </test-method> <!-- tearDown -->
        <test-method status="PASS" signature="setup()[pri:0, instance:com.test.testcases.LoginPageTest@589838eb]" name="setup" is-config="true" duration-ms="5686" started-at="2018-12-26T08:15:51Z" finished-at="2018-12-26T08:15:56Z">
          <reporter-output>
          </reporter-output>
        </test-method> <!-- setup -->
        <test-method status="PASS" signature="dropDownTest()[pri:4, instance:com.test.testcases.LoginPageTest@589838eb]" name="dropDownTest" duration-ms="478" started-at="2018-12-26T08:15:56Z" finished-at="2018-12-26T08:15:57Z">
          <reporter-output>
          </reporter-output>
        </test-method> <!-- dropDownTest -->
        <test-method status="PASS" signature="tearDown()[pri:0, instance:com.test.testcases.LoginPageTest@589838eb]" name="tearDown" is-config="true" duration-ms="15714" started-at="2018-12-26T08:15:57Z" finished-at="2018-12-26T08:16:12Z">
          <reporter-output>
          </reporter-output>
        </test-method> <!-- tearDown -->
        <test-method status="PASS" signature="setup()[pri:0, instance:com.test.testcases.LoginPageTest@589838eb]" name="setup" is-config="true" duration-ms="5722" started-at="2018-12-26T08:16:12Z" finished-at="2018-12-26T08:16:18Z">
          <reporter-output>
          </reporter-output>
        </test-method> <!-- setup -->
        <test-method status="FAIL" signature="verifyIncorrectPassword()[pri:5, instance:com.test.testcases.LoginPageTest@589838eb]" name="verifyIncorrectPassword" duration-ms="215" started-at="2018-12-26T08:16:18Z" finished-at="2018-12-26T08:16:18Z">
          <exception class="java.lang.NullPointerException">
            <full-stacktrace>
              <![CDATA[java.lang.NullPointerException
at com.test.testutil.TestUtils.takeScreenshotAtEndOfTest(TestUtils.java:72)
at com.test.testutil.WebEventListener.onException(WebEventListener.java:58)
at sun.reflect.NativeMethodAccessorImpl.invoke0(Native Method)
at sun.reflect.NativeMethodAccessorImpl.invoke(NativeMethodAccessorImpl.java:62)
at sun.reflect.DelegatingMethodAccessorImpl.invoke(DelegatingMethodAccessorImpl.java:43)
at java.lang.reflect.Method.invoke(Method.java:498)
at org.openqa.selenium.support.events.EventFiringWebDriver.lambda$new$0(EventFiringWebDriver.java:84)
at com.sun.proxy.$Proxy7.onException(Unknown Source)
at org.openqa.selenium.support.events.EventFiringWebDriver.lambda$new$1(EventFiringWebDriver.java:107)
at com.sun.proxy.$Proxy8.findElement(Unknown Source)
at org.openqa.selenium.support.events.EventFiringWebDriver.findElement(EventFiringWebDriver.java:194)
at org.openqa.selenium.support.ui.ExpectedConditions$6.apply(ExpectedConditions.java:182)
at org.openqa.selenium.support.ui.ExpectedConditions$6.apply(ExpectedConditions.java:179)
at org.openqa.selenium.support.ui.FluentWait.until(FluentWait.java:249)
at com.test.pages.LoginPage.incorrectPassword(LoginPage.java:76)
at com.test.testcases.LoginPageTest.verifyIncorrectPassword(LoginPageTest.java:99)
at sun.reflect.NativeMethodAccessorImpl.invoke0(Native Method)
at sun.reflect.NativeMethodAccessorImpl.invoke(NativeMethodAccessorImpl.java:62)
at sun.reflect.DelegatingMethodAccessorImpl.invoke(DelegatingMethodAccessorImpl.java:43)
at java.lang.reflect.Method.invoke(Method.java:498)
at org.testng.internal.MethodInvocationHelper.invokeMethod(MethodInvocationHelper.java:124)
at org.testng.internal.Invoker.invokeMethod(Invoker.java:580)
at org.testng.internal.Invoker.invokeTestMethod(Invoker.java:716)
at org.testng.internal.Invoker.invokeTestMethods(Invoker.java:988)
at org.testng.internal.TestMethodWorker.invokeTestMethods(TestMethodWorker.java:125)
at org.testng.internal.TestMethodWorker.run(TestMethodWorker.java:109)
at org.testng.TestRunner.privateRun(TestRunner.java:648)
at org.testng.TestRunner.run(TestRunner.java:505)
at org.testng.SuiteRunner.runTest(SuiteRunner.java:455)
at org.testng.SuiteRunner.runSequentially(SuiteRunner.java:450)
at org.testng.SuiteRunner.privateRun(SuiteRunner.java:415)
at org.testng.SuiteRunner.run(SuiteRunner.java:364)
at org.testng.SuiteRunnerWorker.runSuite(SuiteRunnerWorker.java:52)
at org.testng.SuiteRunnerWorker.run(SuiteRunnerWorker.java:84)
at org.testng.TestNG.runSuitesSequentially(TestNG.java:1208)
at org.testng.TestNG.runSuitesLocally(TestNG.java:1137)
at org.testng.TestNG.runSuites(TestNG.java:1049)
at org.testng.TestNG.run(TestNG.java:1017)
at org.testng.remote.AbstractRemoteTestNG.run(AbstractRemoteTestNG.java:114)
at org.testng.remote.RemoteTestNG.initAndRun(RemoteTestNG.java:251)
at org.testng.remote.RemoteTestNG.main(RemoteTestNG.java:77)
]]>
            </full-stacktrace>
          </exception> <!-- java.lang.NullPointerException -->
          <reporter-output>
          </reporter-output>
        </test-method> <!-- verifyIncorrectPassword -->
        <test-method status="PASS" signature="tearDown()[pri:0, instance:com.test.testcases.LoginPageTest@589838eb]" name="tearDown" is-config="true" duration-ms="15617" started-at="2018-12-26T08:16:18Z" finished-at="2018-12-26T08:16:34Z">
          <reporter-output>
          </reporter-output>
        </test-method> <!-- tearDown -->
      </class> <!-- com.test.testcases.LoginPageTest -->
    </test> <!-- Default test -->
  </suite> <!-- Default suite -->
</testng-results>
