<?xml version="1.0" encoding="UTF-8"?>
<!-- Generated by org.testng.reporters.JUnitXMLReporter -->
<testsuite hostname="chetan-PC" ignored="0" name="Front Accounting Test Cases" tests="2" failures="0" timestamp="26 Dec 2018 05:38:41 GMT" time="31.841" errors="0">
  <testcase name="loginTitleTest" time="0.099" classname="com.test.testcases.LoginPageTest"/>
  <testcase name="verifyHomePageTitleTest" time="0.018" classname="com.test.testcases.HomePageTest"/>
</testsuite> <!-- Front Accounting Test Cases -->
